================================================================================
Appcelerator Titanium Diagnostics Build Log
The contents of this file are useful to send to Appcelerator Support if
reporting an issue to help us understand your environment, build settings
and aid in debugging. Please attach this log to any issue that you report.
================================================================================

Starting build at 12/09/11 00:08

Build details:

   timestamp=11/02/11 17:00
   version=1.7.5
   githash=ab20af7


Script arguments:
   /Library/Application Support/Titanium/mobilesdk/osx/1.7.5/iphone/builder.py
   simulator
   5.0
   /Users/nmrtkhs/proj/BasketTimer
   com.nmrtkhs.basketTimer
   BasketTimer
   universal
   iphone
   

Building from: /Library/Application Support/Titanium/mobilesdk/osx/1.7.5/iphone
Platform: Darwin Kernel Version 11.2.0: Tue Aug  9 20:54:00 PDT 2011; root:xnu-1699.24.8~1/RELEASE_X86_64

Xcode path is: /Developer


githash=ab20af7, existing_git_hash=ab20af7
writing contents of /Users/nmrtkhs/proj/BasketTimer/build/iphone/project.xcconfig:

TI_VERSION=1.7.5
TI_SDK_DIR=/Library/Application Support/Titanium/mobilesdk/osx/$(TI_VERSION)/iphone
TI_APPID=com.nmrtkhs.basketTimer
OTHER_LDFLAGS[sdk=iphoneos*]=$(inherited) -weak_framework iAd
OTHER_LDFLAGS[sdk=iphonesimulator*]=$(inherited) -weak_framework iAd
#include "module"

old contents


Generated the following stylecode code:

<?xml version="1.0" encoding="UTF-8"?>
<!DOCTYPE plist PUBLIC "-//Apple//DTD PLIST 1.0//EN" "http://www.apple.com/DTDs/PropertyList-1.0.dtd">
<plist version="1.0">
	<dict>
		<key>classes</key>
		<dict>
</dict>

		<key>classes_density</key>
		<dict>
</dict>

		<key>ids</key>
		<dict>
</dict>

		<key>ids_density</key>
		<dict>
</dict>

		<key>tags</key>
		<dict>
</dict>

		<key>tags_density</key>
		<dict>
</dict>

	</dict>
</plist>
Finishing build

Exception detected in script:
Traceback (most recent call last):
  File "/Library/Application Support/Titanium/mobilesdk/osx/1.7.5/iphone/builder.py", line 1338, in main
    os.waitpid(sim.pid,0)
  File "/Library/Application Support/Titanium/mobilesdk/osx/1.7.5/iphone/builder.py", line 1280, in handler
    kill_simulator()
  File "/Library/Application Support/Titanium/mobilesdk/osx/1.7.5/iphone/builder.py", line 75, in kill_simulator
    run.run(['/usr/bin/killall',"iPhone Simulator"],True)
  File "/Library/Application Support/Titanium/mobilesdk/osx/1.7.5/iphone/run.py", line 6, in run
    sys.stdout.flush()
IOError: [Errno 32] Broken pipe
