Logfile initialized
[INFO] logfile = /Users/nmrtkhs/proj/BasketTimer/build.log
[DEBUG] /Library/Application Support/Titanium/mobilesdk/osx/1.7.5/android/builder.py simulator BasketTimer /Applications/android-sdk-mac_x86 /Users/nmrtkhs/proj/BasketTimer com.nmrtkhs.basketTimer 4 HVGA 
[INFO] Building BasketTimer for Android ... one moment
[INFO] Titanium SDK version: 1.7.5 (11/02/11 17:00 ab20af7)
[DEBUG] Waiting for device to be ready ...
[TRACE] adb devices returned 1 devices/emulators
[DEBUG] Device connected... (waited 0 seconds)
[DEBUG] waited 0.028111 seconds on emulator to get ready
[DEBUG] com.nmrtkhs.basketTimer installed? True
[INFO] Fastdev server running, deploying in Fastdev mode
[INFO] Copying project resources..
[TRACE] COPYING MODIFIED FILE: /Users/nmrtkhs/proj/BasketTimer/Resources/settingWin.js => /Users/nmrtkhs/proj/BasketTimer/build/android/bin/assets/Resources/settingWin.js
[INFO] Tiapp.xml unchanged, skipping class generation
[DEBUG] Processing Android resource drawables
[DEBUG] found drawable-long-land-hdpi splash screen at /Users/nmrtkhs/proj/BasketTimer/Resources/android/images/res-long-land-hdpi/default.png
[DEBUG] found drawable-long-land-ldpi splash screen at /Users/nmrtkhs/proj/BasketTimer/Resources/android/images/res-long-land-ldpi/default.png
[DEBUG] found drawable-long-port-hdpi splash screen at /Users/nmrtkhs/proj/BasketTimer/Resources/android/images/res-long-port-hdpi/default.png
[DEBUG] found drawable-long-port-ldpi splash screen at /Users/nmrtkhs/proj/BasketTimer/Resources/android/images/res-long-port-ldpi/default.png
[DEBUG] found drawable-notlong-land-hdpi splash screen at /Users/nmrtkhs/proj/BasketTimer/Resources/android/images/res-notlong-land-hdpi/default.png
[DEBUG] found drawable-notlong-land-ldpi splash screen at /Users/nmrtkhs/proj/BasketTimer/Resources/android/images/res-notlong-land-ldpi/default.png
[DEBUG] found drawable-notlong-land-mdpi splash screen at /Users/nmrtkhs/proj/BasketTimer/Resources/android/images/res-notlong-land-mdpi/default.png
[DEBUG] found drawable-notlong-port-hdpi splash screen at /Users/nmrtkhs/proj/BasketTimer/Resources/android/images/res-notlong-port-hdpi/default.png
[DEBUG] found drawable-notlong-port-ldpi splash screen at /Users/nmrtkhs/proj/BasketTimer/Resources/android/images/res-notlong-port-ldpi/default.png
[DEBUG] found drawable-notlong-port-mdpi splash screen at /Users/nmrtkhs/proj/BasketTimer/Resources/android/images/res-notlong-port-mdpi/default.png
[INFO] Waiting for SDCard to become available..
[INFO] Re-launching application ... BasketTimer
[INFO] Launching application ... BasketTimer
[TRACE] Launch output: Starting: Intent { act=android.intent.action.MAIN cat=[android.intent.category.LAUNCHER] cmp=com.nmrtkhs.basketTimer/.BaskettimerActivity }
Warning: Activity not started, its current task has been brought to the front

